Using pre-set license
Built from '2020.2/staging' branch; Version is '2020.2.7f1 (c53830e277f1) revision 12924976'; Using compiler version '192528614'; Build Type 'Release'
OS: 'Windows 10 Enterprise; OS build 19042.1415; Version 2009; 64bit' Language: 'en' Physical Memory: 3934 MB
BatchMode: 1, IsHumanControllingUs: 0, StartBugReporterOnCrash: 0, Is64bit: 1, IsPro: 0

 COMMAND LINE ARGUMENTS:
C:\Program Files\Unity\Editor\Unity.exe
-adb2
-batchMode
-noUpm
-name
AssetImportWorker1
-projectPath
E:/Unity Projects/First Project
-logFile
Logs/AssetImportWorker1.log
-srvPort
1756
Successfully changed project path to: E:/Unity Projects/First Project
E:/Unity Projects/First Project
Using Asset Import Pipeline V2.
Refreshing native plugins compatible for Editor in 81.87 ms, found 1 plugins.
Preloading 0 native plugins for Editor in 0.00 ms.
Initialize engine version: 2020.2.7f1 (c53830e277f1)
[Subsystems] Discovering subsystems at path C:/Program Files/Unity/Editor/Data/Resources/UnitySubsystems
[Subsystems] Discovering subsystems at path E:/Unity Projects/First Project/Assets
GfxDevice: creating device client; threaded=0
Direct3D:
    Version:  Direct3D 11.0 [level 11.0]
    Renderer: NVIDIA GeForce GT 630M (ID=0xde9)
    Vendor:   
    VRAM:     1999 MB
    Driver:   21.21.13.7654
Initialize mono
Mono path[0] = 'C:/Program Files/Unity/Editor/Data/Managed'
Mono path[1] = 'C:/Program Files/Unity/Editor/Data/MonoBleedingEdge/lib/mono/unityjit'
Mono config path = 'C:/Program Files/Unity/Editor/Data/MonoBleedingEdge/etc'
Using monoOptions --debugger-agent=transport=dt_socket,embedding=1,server=y,suspend=n,address=127.0.0.1:56052
Begin MonoManager ReloadAssembly
